# JRE version: Java(TM) SE Runtime Environment (7.0_80-b15) (build 1.7.0_80-b15)
# Java VM: Java HotSpot(TM) 64-Bit Server VM (24.80-b11 mixed mode linux-amd64 compressed oops)
Heap
 PSYoungGen      total 69632K, used 5109K [0x00000007d6e00000, 0x00000007db700000, 0x0000000800000000)
  eden space 64512K, 0% used [0x00000007d6e00000,0x00000007d6e00000,0x00000007dad00000)
  from space 5120K, 99% used [0x00000007dad00000,0x00000007db1fd740,0x00000007db200000)
  to   space 5120K, 0% used [0x00000007db200000,0x00000007db200000,0x00000007db700000)
 ParOldGen       total 83968K, used 13936K [0x0000000784a00000, 0x0000000789c00000, 0x00000007d6e00000)
  object space 83968K, 16% used [0x0000000784a00000,0x000000078579c2b8,0x0000000789c00000)
 PSPermGen       total 21504K, used 19513K [0x000000077f800000, 0x0000000780d00000, 0x0000000784a00000)
  object space 21504K, 90% used [0x000000077f800000,0x0000000780b0e738,0x0000000780d00000)
GC Heap History (9 events):
Event: 1,168 GC heap before
{Heap before GC invocations=1 (full 0):
 PSYoungGen      total 37376K, used 32256K [0x00000007d6e00000, 0x00000007d9780000, 0x0000000800000000)
  eden space 32256K, 100% used [0x00000007d6e00000,0x00000007d8d80000,0x00000007d8d80000)
  from space 5120K, 0% used [0x00000007d9280000,0x00000007d9280000,0x00000007d9780000)
  to   space 5120K, 0% used [0x00000007d8d80000,0x00000007d8d80000,0x00000007d9280000)
 ParOldGen       total 83968K, used 0K [0x0000000784a00000, 0x0000000789c00000, 0x00000007d6e00000)
  object space 83968K, 0% used [0x0000000784a00000,0x0000000784a00000,0x0000000789c00000)
 PSPermGen       total 21504K, used 9307K [0x000000077f800000, 0x0000000780d00000, 0x0000000784a00000)
  object space 21504K, 43% used [0x000000077f800000,0x0000000780116ca0,0x0000000780d00000)
Event: 1,175 GC heap after
Heap after GC invocations=1 (full 0):
 PSYoungGen      total 37376K, used 5113K [0x00000007d6e00000, 0x00000007d9780000, 0x0000000800000000)
  eden space 32256K, 0% used [0x00000007d6e00000,0x00000007d6e00000,0x00000007d8d80000)
  from space 5120K, 99% used [0x00000007d8d80000,0x00000007d927e798,0x00000007d9280000)
  to   space 5120K, 0% used [0x00000007d9280000,0x00000007d9280000,0x00000007d9780000)
 ParOldGen       total 83968K, used 1809K [0x0000000784a00000, 0x0000000789c00000, 0x00000007d6e00000)
  object space 83968K, 2% used [0x0000000784a00000,0x0000000784bc45d8,0x0000000789c00000)
 PSPermGen       total 21504K, used 9307K [0x000000077f800000, 0x0000000780d00000, 0x0000000784a00000)
  object space 21504K, 43% used [0x000000077f800000,0x0000000780116ca0,0x0000000780d00000)
}
Event: 1,462 GC heap before
{Heap before GC invocations=2 (full 0):
 PSYoungGen      total 37376K, used 37369K [0x00000007d6e00000, 0x00000007d9780000, 0x0000000800000000)
  eden space 32256K, 100% used [0x00000007d6e00000,0x00000007d8d80000,0x00000007d8d80000)
  from space 5120K, 99% used [0x00000007d8d80000,0x00000007d927e798,0x00000007d9280000)
  to   space 5120K, 0% used [0x00000007d9280000,0x00000007d9280000,0x00000007d9780000)
 ParOldGen       total 83968K, used 1809K [0x0000000784a00000, 0x0000000789c00000, 0x00000007d6e00000)
  object space 83968K, 2% used [0x0000000784a00000,0x0000000784bc45d8,0x0000000789c00000)
 PSPermGen       total 21504K, used 10865K [0x000000077f800000, 0x0000000780d00000, 0x0000000784a00000)
  object space 21504K, 50% used [0x000000077f800000,0x000000078029c720,0x0000000780d00000)
Event: 1,467 GC heap after
Heap after GC invocations=2 (full 0):
 PSYoungGen      total 37376K, used 5096K [0x00000007d6e00000, 0x00000007db700000, 0x0000000800000000)
  eden space 32256K, 0% used [0x00000007d6e00000,0x00000007d6e00000,0x00000007d8d80000)
  from space 5120K, 99% used [0x00000007d9280000,0x00000007d977a120,0x00000007d9780000)
  to   space 5120K, 0% used [0x00000007d8d80000,0x00000007d8d80000,0x00000007d9280000)
 ParOldGen       total 83968K, used 3398K [0x0000000784a00000, 0x0000000789c00000, 0x00000007d6e00000)
  object space 83968K, 4% used [0x0000000784a00000,0x0000000784d51b30,0x0000000789c00000)
 PSPermGen       total 21504K, used 10865K [0x000000077f800000, 0x0000000780d00000, 0x0000000784a00000)
  object space 21504K, 50% used [0x000000077f800000,0x000000078029c720,0x0000000780d00000)
}
Event: 1,772 GC heap before
{Heap before GC invocations=3 (full 0):
 PSYoungGen      total 37376K, used 37352K [0x00000007d6e00000, 0x00000007db700000, 0x0000000800000000)
  eden space 32256K, 100% used [0x00000007d6e00000,0x00000007d8d80000,0x00000007d8d80000)
  from space 5120K, 99% used [0x00000007d9280000,0x00000007d977a120,0x00000007d9780000)
  to   space 5120K, 0% used [0x00000007d8d80000,0x00000007d8d80000,0x00000007d9280000)
 ParOldGen       total 83968K, used 3398K [0x0000000784a00000, 0x0000000789c00000, 0x00000007d6e00000)
  object space 83968K, 4% used [0x0000000784a00000,0x0000000784d51b30,0x0000000789c00000)
 PSPermGen       total 21504K, used 12362K [0x000000077f800000, 0x0000000780d00000, 0x0000000784a00000)
  object space 21504K, 57% used [0x000000077f800000,0x0000000780412958,0x0000000780d00000)
Event: 1,779 GC heap after
Heap after GC invocations=3 (full 0):
 PSYoungGen      total 37376K, used 5096K [0x00000007d6e00000, 0x00000007db700000, 0x0000000800000000)
  eden space 32256K, 0% used [0x00000007d6e00000,0x00000007d6e00000,0x00000007d8d80000)
  from space 5120K, 99% used [0x00000007d8d80000,0x00000007d927a208,0x00000007d9280000)
  to   space 5120K, 0% used [0x00000007db200000,0x00000007db200000,0x00000007db700000)
 ParOldGen       total 83968K, used 6885K [0x0000000784a00000, 0x0000000789c00000, 0x00000007d6e00000)
  object space 83968K, 8% used [0x0000000784a00000,0x00000007850b9670,0x0000000789c00000)
 PSPermGen       total 21504K, used 12362K [0x000000077f800000, 0x0000000780d00000, 0x0000000784a00000)
  object space 21504K, 57% used [0x000000077f800000,0x0000000780412958,0x0000000780d00000)
}
Event: 2,937 GC heap before
{Heap before GC invocations=4 (full 0):
 PSYoungGen      total 37376K, used 37352K [0x00000007d6e00000, 0x00000007db700000, 0x0000000800000000)
  eden space 32256K, 100% used [0x00000007d6e00000,0x00000007d8d80000,0x00000007d8d80000)
  from space 5120K, 99% used [0x00000007d8d80000,0x00000007d927a208,0x00000007d9280000)
  to   space 5120K, 0% used [0x00000007db200000,0x00000007db200000,0x00000007db700000)
 ParOldGen       total 83968K, used 6885K [0x0000000784a00000, 0x0000000789c00000, 0x00000007d6e00000)
  object space 83968K, 8% used [0x0000000784a00000,0x00000007850b9670,0x0000000789c00000)
 PSPermGen       total 21504K, used 14154K [0x000000077f800000, 0x0000000780d00000, 0x0000000784a00000)
  object space 21504K, 65% used [0x000000077f800000,0x00000007805d28f0,0x0000000780d00000)
Event: 2,976 GC heap after
Heap after GC invocations=4 (full 0):
 PSYoungGen      total 69632K, used 5092K [0x00000007d6e00000, 0x00000007db700000, 0x0000000800000000)
  eden space 64512K, 0% used [0x00000007d6e00000,0x00000007d6e00000,0x00000007dad00000)
  from space 5120K, 99% used [0x00000007db200000,0x00000007db6f9180,0x00000007db700000)
  to   space 5120K, 0% used [0x00000007dad00000,0x00000007dad00000,0x00000007db200000)
 ParOldGen       total 83968K, used 9852K [0x0000000784a00000, 0x0000000789c00000, 0x00000007d6e00000)
  object space 83968K, 11% used [0x0000000784a00000,0x000000078539f388,0x0000000789c00000)
 PSPermGen       total 21504K, used 14154K [0x000000077f800000, 0x0000000780d00000, 0x0000000784a00000)
  object space 21504K, 65% used [0x000000077f800000,0x00000007805d28f0,0x0000000780d00000)
}
Event: 18,099 GC heap before
{Heap before GC invocations=5 (full 0):
 PSYoungGen      total 69632K, used 69604K [0x00000007d6e00000, 0x00000007db700000, 0x0000000800000000)
  eden space 64512K, 100% used [0x00000007d6e00000,0x00000007dad00000,0x00000007dad00000)
  from space 5120K, 99% used [0x00000007db200000,0x00000007db6f9180,0x00000007db700000)
  to   space 5120K, 0% used [0x00000007dad00000,0x00000007dad00000,0x00000007db200000)
 ParOldGen       total 83968K, used 9852K [0x0000000784a00000, 0x0000000789c00000, 0x00000007d6e00000)
  object space 83968K, 11% used [0x0000000784a00000,0x000000078539f388,0x0000000789c00000)
 PSPermGen       total 21504K, used 19513K [0x000000077f800000, 0x0000000780d00000, 0x0000000784a00000)
  object space 21504K, 90% used [0x000000077f800000,0x0000000780b0e738,0x0000000780d00000)

