# JRE version: Java(TM) SE Runtime Environment (7.0_80-b15) (build 1.7.0_80-b15)
# Java VM: Java HotSpot(TM) 64-Bit Server VM (24.80-b11 mixed mode linux-amd64 compressed oops)
Heap
 PSYoungGen      total 69632K, used 5113K [0x00000007d6e00000, 0x00000007db700000, 0x0000000800000000)
  eden space 64512K, 0% used [0x00000007d6e00000,0x00000007d6e00000,0x00000007dad00000)
  from space 5120K, 99% used [0x00000007dad00000,0x00000007db1fe680,0x00000007db200000)
  to   space 5120K, 0% used [0x00000007db200000,0x00000007db200000,0x00000007db700000)
 ParOldGen       total 83968K, used 4186K [0x0000000784a00000, 0x0000000789c00000, 0x00000007d6e00000)
  object space 83968K, 4% used [0x0000000784a00000,0x0000000784e16a20,0x0000000789c00000)
 PSPermGen       total 21504K, used 14093K [0x000000077f800000, 0x0000000780d00000, 0x0000000784a00000)
  object space 21504K, 65% used [0x000000077f800000,0x00000007805c37a8,0x0000000780d00000)
GC Heap History (5 events):
Event: 1,645 GC heap before
{Heap before GC invocations=1 (full 0):
 PSYoungGen      total 37376K, used 32256K [0x00000007d6e00000, 0x00000007d9780000, 0x0000000800000000)
  eden space 32256K, 100% used [0x00000007d6e00000,0x00000007d8d80000,0x00000007d8d80000)
  from space 5120K, 0% used [0x00000007d9280000,0x00000007d9280000,0x00000007d9780000)
  to   space 5120K, 0% used [0x00000007d8d80000,0x00000007d8d80000,0x00000007d9280000)
 ParOldGen       total 83968K, used 0K [0x0000000784a00000, 0x0000000789c00000, 0x00000007d6e00000)
  object space 83968K, 0% used [0x0000000784a00000,0x0000000784a00000,0x0000000789c00000)
 PSPermGen       total 21504K, used 9307K [0x000000077f800000, 0x0000000780d00000, 0x0000000784a00000)
  object space 21504K, 43% used [0x000000077f800000,0x0000000780116c80,0x0000000780d00000)
Event: 1,702 GC heap after
Heap after GC invocations=1 (full 0):
 PSYoungGen      total 37376K, used 5108K [0x00000007d6e00000, 0x00000007db700000, 0x0000000800000000)
  eden space 32256K, 0% used [0x00000007d6e00000,0x00000007d6e00000,0x00000007d8d80000)
  from space 5120K, 99% used [0x00000007d8d80000,0x00000007d927d350,0x00000007d9280000)
  to   space 5120K, 0% used [0x00000007db200000,0x00000007db200000,0x00000007db700000)
 ParOldGen       total 83968K, used 1900K [0x0000000784a00000, 0x0000000789c00000, 0x00000007d6e00000)
  object space 83968K, 2% used [0x0000000784a00000,0x0000000784bdb220,0x0000000789c00000)
 PSPermGen       total 21504K, used 9307K [0x000000077f800000, 0x0000000780d00000, 0x0000000784a00000)
  object space 21504K, 43% used [0x000000077f800000,0x0000000780116c80,0x0000000780d00000)
}
Event: 2,805 GC heap before
{Heap before GC invocations=2 (full 0):
 PSYoungGen      total 37376K, used 37364K [0x00000007d6e00000, 0x00000007db700000, 0x0000000800000000)
  eden space 32256K, 100% used [0x00000007d6e00000,0x00000007d8d80000,0x00000007d8d80000)
  from space 5120K, 99% used [0x00000007d8d80000,0x00000007d927d350,0x00000007d9280000)
  to   space 5120K, 0% used [0x00000007db200000,0x00000007db200000,0x00000007db700000)
 ParOldGen       total 83968K, used 1900K [0x0000000784a00000, 0x0000000789c00000, 0x00000007d6e00000)
  object space 83968K, 2% used [0x0000000784a00000,0x0000000784bdb220,0x0000000789c00000)
 PSPermGen       total 21504K, used 10865K [0x000000077f800000, 0x0000000780d00000, 0x0000000784a00000)
  object space 21504K, 50% used [0x000000077f800000,0x000000078029c6a0,0x0000000780d00000)
Event: 2,860 GC heap after
Heap after GC invocations=2 (full 0):
 PSYoungGen      total 69632K, used 5108K [0x00000007d6e00000, 0x00000007db700000, 0x0000000800000000)
  eden space 64512K, 0% used [0x00000007d6e00000,0x00000007d6e00000,0x00000007dad00000)
  from space 5120K, 99% used [0x00000007db200000,0x00000007db6fd140,0x00000007db700000)
  to   space 5120K, 0% used [0x00000007dad00000,0x00000007dad00000,0x00000007db200000)
 ParOldGen       total 83968K, used 3079K [0x0000000784a00000, 0x0000000789c00000, 0x00000007d6e00000)
  object space 83968K, 3% used [0x0000000784a00000,0x0000000784d01c00,0x0000000789c00000)
 PSPermGen       total 21504K, used 10865K [0x000000077f800000, 0x0000000780d00000, 0x0000000784a00000)
  object space 21504K, 50% used [0x000000077f800000,0x000000078029c6a0,0x0000000780d00000)
}
Event: 10,042 GC heap before
{Heap before GC invocations=3 (full 0):
 PSYoungGen      total 69632K, used 69620K [0x00000007d6e00000, 0x00000007db700000, 0x0000000800000000)
  eden space 64512K, 100% used [0x00000007d6e00000,0x00000007dad00000,0x00000007dad00000)
  from space 5120K, 99% used [0x00000007db200000,0x00000007db6fd140,0x00000007db700000)
  to   space 5120K, 0% used [0x00000007dad00000,0x00000007dad00000,0x00000007db200000)
 ParOldGen       total 83968K, used 3079K [0x0000000784a00000, 0x0000000789c00000, 0x00000007d6e00000)
  object space 83968K, 3% used [0x0000000784a00000,0x0000000784d01c00,0x0000000789c00000)
 PSPermGen       total 21504K, used 14093K [0x000000077f800000, 0x0000000780d00000, 0x0000000784a00000)
  object space 21504K, 65% used [0x000000077f800000,0x00000007805c37a8,0x0000000780d00000)

